rails aborted!
StandardError: An error has occurred, this and all later migrations canceled:

PG::UndefinedColumn: ERROR:  column "length_of_time" of relation "locations" does not exist
: ALTER TABLE "locations" ALTER COLUMN "length_of_time" TYPE character varying
/Users/kevinschaffter/.rvm/gems/ruby-2.4.2@global/gems/activerecord-5.1.4/lib/active_record/connection_adapters/postgresql/database_statements.rb:73:in `async_exec'
/Users/kevinschaffter/.rvm/gems/ruby-2.4.2@global/gems/activerecord-5.1.4/lib/active_record/connection_adapters/postgresql/database_statements.rb:73:in `block (2 levels) in execute'
/Users/kevinschaffter/.rvm/gems/ruby-2.4.2/gems/activesupport-5.1.4/lib/active_support/dependencies/interlock.rb:46:in `block in permit_concurrent_loads'
/Users/kevinschaffter/.rvm/gems/ruby-2.4.2/gems/activesupport-5.1.4/lib/active_support/concurrency/share_lock.rb:185:in `yield_shares'
/Users/kevinschaffter/.rvm/gems/ruby-2.4.2/gems/activesupport-5.1.4/lib/active_support/dependencies/interlock.rb:45:in `permit_concurrent_loads'
/Users/kevinschaffter/.rvm/gems/ruby-2.4.2@global/gems/activerecord-5.1.4/lib/active_record/connection_adapters/postgresql/database_statements.rb:72:in `block in execute'
/Users/kevinschaffter/.rvm/gems/ruby-2.4.2@global/gems/activerecord-5.1.4/lib/active_record/connection_adapters/abstract_adapter.rb:612:in `block (2 levels) in log'
/Users/kevinschaffter/.rvm/gems/ruby-2.4.2@global/gems/activerecord-5.1.4/lib/active_record/connection_adapters/abstract_adapter.rb:611:in `block in log'
/Users/kevinschaffter/.rvm/gems/ruby-2.4.2/gems/activesupport-5.1.4/lib/active_support/notifications/instrumenter.rb:21:in `instrument'
/Users/kevinschaffter/.rvm/gems/ruby-2.4.2@global/gems/activerecord-5.1.4/lib/active_record/connection_adapters/abstract_adapter.rb:603:in `log'
/Users/kevinschaffter/.rvm/gems/ruby-2.4.2@global/gems/activerecord-5.1.4/lib/active_record/connection_adapters/postgresql/database_statements.rb:71:in `execute'
/Users/kevinschaffter/.rvm/gems/ruby-2.4.2@global/gems/activerecord-5.1.4/lib/active_record/connection_adapters/postgresql/schema_statements.rb:428:in `change_column'
/Users/kevinschaffter/.rvm/gems/ruby-2.4.2@global/gems/activerecord-5.1.4/lib/active_record/migration.rb:849:in `block in method_missing'
/Users/kevinschaffter/.rvm/gems/ruby-2.4.2@global/gems/activerecord-5.1.4/lib/active_record/migration.rb:818:in `block in say_with_time'
/Users/kevinschaffter/.rvm/gems/ruby-2.4.2@global/gems/activerecord-5.1.4/lib/active_record/migration.rb:818:in `say_with_time'
/Users/kevinschaffter/.rvm/gems/ruby-2.4.2@global/gems/activerecord-5.1.4/lib/active_record/migration.rb:838:in `method_missing'
/Users/kevinschaffter/Desktop/amaze/db/migrate/20171214190841_change_length_of_time_for_locations.rb:5:in `change'
/Users/kevinschaffter/.rvm/gems/ruby-2.4.2@global/gems/activerecord-5.1.4/lib/active_record/migration.rb:792:in `exec_migration'
/Users/kevinschaffter/.rvm/gems/ruby-2.4.2@global/gems/activerecord-5.1.4/lib/active_record/migration.rb:776:in `block (2 levels) in migrate'
/Users/kevinschaffter/.rvm/gems/ruby-2.4.2@global/gems/activerecord-5.1.4/lib/active_record/migration.rb:775:in `block in migrate'
/Users/kevinschaffter/.rvm/gems/ruby-2.4.2@global/gems/activerecord-5.1.4/lib/active_record/connection_adapters/abstract/connection_pool.rb:408:in `with_connection'
/Users/kevinschaffter/.rvm/gems/ruby-2.4.2@global/gems/activerecord-5.1.4/lib/active_record/migration.rb:774:in `migrate'
/Users/kevinschaffter/.rvm/gems/ruby-2.4.2@global/gems/activerecord-5.1.4/lib/active_record/migration.rb:953:in `migrate'
/Users/kevinschaffter/.rvm/gems/ruby-2.4.2@global/gems/activerecord-5.1.4/lib/active_record/migration.rb:1230:in `block in execute_migration_in_transaction'
/Users/kevinschaffter/.rvm/gems/ruby-2.4.2@global/gems/activerecord-5.1.4/lib/active_record/migration.rb:1298:in `block in ddl_transaction'
/Users/kevinschaffter/.rvm/gems/ruby-2.4.2@global/gems/activerecord-5.1.4/lib/active_record/connection_adapters/abstract/database_statements.rb:235:in `block in transaction'
/Users/kevinschaffter/.rvm/gems/ruby-2.4.2@global/gems/activerecord-5.1.4/lib/active_record/connection_adapters/abstract/transaction.rb:194:in `block in within_new_transaction'
/Users/kevinschaffter/.rvm/gems/ruby-2.4.2@global/gems/activerecord-5.1.4/lib/active_record/connection_adapters/abstract/transaction.rb:191:in `within_new_transaction'
/Users/kevinschaffter/.rvm/gems/ruby-2.4.2@global/gems/activerecord-5.1.4/lib/active_record/connection_adapters/abstract/database_statements.rb:235:in `transaction'
/Users/kevinschaffter/.rvm/gems/ruby-2.4.2@global/gems/activerecord-5.1.4/lib/active_record/transactions.rb:210:in `transaction'
/Users/kevinschaffter/.rvm/gems/ruby-2.4.2@global/gems/activerecord-5.1.4/lib/active_record/migration.rb:1298:in `ddl_transaction'
/Users/kevinschaffter/.rvm/gems/ruby-2.4.2@global/gems/activerecord-5.1.4/lib/active_record/migration.rb:1229:in `execute_migration_in_transaction'
/Users/kevinschaffter/.rvm/gems/ruby-2.4.2@global/gems/activerecord-5.1.4/lib/active_record/migration.rb:1201:in `block in migrate_without_lock'
/Users/kevinschaffter/.rvm/gems/ruby-2.4.2@global/gems/activerecord-5.1.4/lib/active_record/migration.rb:1200:in `each'
/Users/kevinschaffter/.rvm/gems/ruby-2.4.2@global/gems/activerecord-5.1.4/lib/active_record/migration.rb:1200:in `migrate_without_lock'
/Users/kevinschaffter/.rvm/gems/ruby-2.4.2@global/gems/activerecord-5.1.4/lib/active_record/migration.rb:1148:in `block in migrate'
/Users/kevinschaffter/.rvm/gems/ruby-2.4.2@global/gems/activerecord-5.1.4/lib/active_record/migration.rb:1317:in `with_advisory_lock'
/Users/kevinschaffter/.rvm/gems/ruby-2.4.2@global/gems/activerecord-5.1.4/lib/active_record/migration.rb:1148:in `migrate'
/Users/kevinschaffter/.rvm/gems/ruby-2.4.2@global/gems/activerecord-5.1.4/lib/active_record/migration.rb:1007:in `up'
/Users/kevinschaffter/.rvm/gems/ruby-2.4.2@global/gems/activerecord-5.1.4/lib/active_record/migration.rb:985:in `migrate'
/Users/kevinschaffter/.rvm/gems/ruby-2.4.2@global/gems/activerecord-5.1.4/lib/active_record/tasks/database_tasks.rb:171:in `migrate'
/Users/kevinschaffter/.rvm/gems/ruby-2.4.2@global/gems/activerecord-5.1.4/lib/active_record/railties/databases.rake:58:in `block (2 levels) in <top (required)>'
/Users/kevinschaffter/.rvm/gems/ruby-2.4.2@global/gems/railties-5.1.4/lib/rails/commands/rake/rake_command.rb:21:in `block in perform'
/Users/kevinschaffter/.rvm/gems/ruby-2.4.2@global/gems/railties-5.1.4/lib/rails/commands/rake/rake_command.rb:18:in `perform'
/Users/kevinschaffter/.rvm/gems/ruby-2.4.2@global/gems/railties-5.1.4/lib/rails/command.rb:46:in `invoke'
/Users/kevinschaffter/.rvm/gems/ruby-2.4.2@global/gems/railties-5.1.4/lib/rails/commands.rb:16:in `<top (required)>'
/Users/kevinschaffter/Desktop/amaze/bin/rails:9:in `require'
/Users/kevinschaffter/Desktop/amaze/bin/rails:9:in `<top (required)>'
/Users/kevinschaffter/.rvm/gems/ruby-2.4.2/gems/spring-2.0.2/lib/spring/client/rails.rb:28:in `load'
/Users/kevinschaffter/.rvm/gems/ruby-2.4.2/gems/spring-2.0.2/lib/spring/client/rails.rb:28:in `call'
/Users/kevinschaffter/.rvm/gems/ruby-2.4.2/gems/spring-2.0.2/lib/spring/client/command.rb:7:in `call'
/Users/kevinschaffter/.rvm/gems/ruby-2.4.2/gems/spring-2.0.2/lib/spring/client.rb:30:in `run'
/Users/kevinschaffter/.rvm/gems/ruby-2.4.2/gems/spring-2.0.2/bin/spring:49:in `<top (required)>'
/Users/kevinschaffter/.rvm/gems/ruby-2.4.2/gems/spring-2.0.2/lib/spring/binstub.rb:31:in `load'
/Users/kevinschaffter/.rvm/gems/ruby-2.4.2/gems/spring-2.0.2/lib/spring/binstub.rb:31:in `<top (required)>'
/Users/kevinschaffter/Desktop/amaze/bin/spring:15:in `require'
/Users/kevinschaffter/Desktop/amaze/bin/spring:15:in `<top (required)>'
bin/rails:3:in `load'
bin/rails:3:in `<main>'

Caused by:
ActiveRecord::StatementInvalid: PG::UndefinedColumn: ERROR:  column "length_of_time" of relation "locations" does not exist
: ALTER TABLE "locations" ALTER COLUMN "length_of_time" TYPE character varying
/Users/kevinschaffter/.rvm/gems/ruby-2.4.2@global/gems/activerecord-5.1.4/lib/active_record/connection_adapters/postgresql/database_statements.rb:73:in `async_exec'
/Users/kevinschaffter/.rvm/gems/ruby-2.4.2@global/gems/activerecord-5.1.4/lib/active_record/connection_adapters/postgresql/database_statements.rb:73:in `block (2 levels) in execute'
/Users/kevinschaffter/.rvm/gems/ruby-2.4.2/gems/activesupport-5.1.4/lib/active_support/dependencies/interlock.rb:46:in `block in permit_concurrent_loads'
/Users/kevinschaffter/.rvm/gems/ruby-2.4.2/gems/activesupport-5.1.4/lib/active_support/concurrency/share_lock.rb:185:in `yield_shares'
/Users/kevinschaffter/.rvm/gems/ruby-2.4.2/gems/activesupport-5.1.4/lib/active_support/dependencies/interlock.rb:45:in `permit_concurrent_loads'
/Users/kevinschaffter/.rvm/gems/ruby-2.4.2@global/gems/activerecord-5.1.4/lib/active_record/connection_adapters/postgresql/database_statements.rb:72:in `block in execute'
/Users/kevinschaffter/.rvm/gems/ruby-2.4.2@global/gems/activerecord-5.1.4/lib/active_record/connection_adapters/abstract_adapter.rb:612:in `block (2 levels) in log'
/Users/kevinschaffter/.rvm/gems/ruby-2.4.2@global/gems/activerecord-5.1.4/lib/active_record/connection_adapters/abstract_adapter.rb:611:in `block in log'
/Users/kevinschaffter/.rvm/gems/ruby-2.4.2/gems/activesupport-5.1.4/lib/active_support/notifications/instrumenter.rb:21:in `instrument'
/Users/kevinschaffter/.rvm/gems/ruby-2.4.2@global/gems/activerecord-5.1.4/lib/active_record/connection_adapters/abstract_adapter.rb:603:in `log'
/Users/kevinschaffter/.rvm/gems/ruby-2.4.2@global/gems/activerecord-5.1.4/lib/active_record/connection_adapters/postgresql/database_statements.rb:71:in `execute'
/Users/kevinschaffter/.rvm/gems/ruby-2.4.2@global/gems/activerecord-5.1.4/lib/active_record/connection_adapters/postgresql/schema_statements.rb:428:in `change_column'
/Users/kevinschaffter/.rvm/gems/ruby-2.4.2@global/gems/activerecord-5.1.4/lib/active_record/migration.rb:849:in `block in method_missing'
/Users/kevinschaffter/.rvm/gems/ruby-2.4.2@global/gems/activerecord-5.1.4/lib/active_record/migration.rb:818:in `block in say_with_time'
/Users/kevinschaffter/.rvm/gems/ruby-2.4.2@global/gems/activerecord-5.1.4/lib/active_record/migration.rb:818:in `say_with_time'
/Users/kevinschaffter/.rvm/gems/ruby-2.4.2@global/gems/activerecord-5.1.4/lib/active_record/migration.rb:838:in `method_missing'
/Users/kevinschaffter/Desktop/amaze/db/migrate/20171214190841_change_length_of_time_for_locations.rb:5:in `change'
/Users/kevinschaffter/.rvm/gems/ruby-2.4.2@global/gems/activerecord-5.1.4/lib/active_record/migration.rb:792:in `exec_migration'
/Users/kevinschaffter/.rvm/gems/ruby-2.4.2@global/gems/activerecord-5.1.4/lib/active_record/migration.rb:776:in `block (2 levels) in migrate'
/Users/kevinschaffter/.rvm/gems/ruby-2.4.2@global/gems/activerecord-5.1.4/lib/active_record/migration.rb:775:in `block in migrate'
/Users/kevinschaffter/.rvm/gems/ruby-2.4.2@global/gems/activerecord-5.1.4/lib/active_record/connection_adapters/abstract/connection_pool.rb:408:in `with_connection'
/Users/kevinschaffter/.rvm/gems/ruby-2.4.2@global/gems/activerecord-5.1.4/lib/active_record/migration.rb:774:in `migrate'
/Users/kevinschaffter/.rvm/gems/ruby-2.4.2@global/gems/activerecord-5.1.4/lib/active_record/migration.rb:953:in `migrate'
/Users/kevinschaffter/.rvm/gems/ruby-2.4.2@global/gems/activerecord-5.1.4/lib/active_record/migration.rb:1230:in `block in execute_migration_in_transaction'
/Users/kevinschaffter/.rvm/gems/ruby-2.4.2@global/gems/activerecord-5.1.4/lib/active_record/migration.rb:1298:in `block in ddl_transaction'
/Users/kevinschaffter/.rvm/gems/ruby-2.4.2@global/gems/activerecord-5.1.4/lib/active_record/connection_adapters/abstract/database_statements.rb:235:in `block in transaction'
/Users/kevinschaffter/.rvm/gems/ruby-2.4.2@global/gems/activerecord-5.1.4/lib/active_record/connection_adapters/abstract/transaction.rb:194:in `block in within_new_transaction'
/Users/kevinschaffter/.rvm/gems/ruby-2.4.2@global/gems/activerecord-5.1.4/lib/active_record/connection_adapters/abstract/transaction.rb:191:in `within_new_transaction'
/Users/kevinschaffter/.rvm/gems/ruby-2.4.2@global/gems/activerecord-5.1.4/lib/active_record/connection_adapters/abstract/database_statements.rb:235:in `transaction'
/Users/kevinschaffter/.rvm/gems/ruby-2.4.2@global/gems/activerecord-5.1.4/lib/active_record/transactions.rb:210:in `transaction'
/Users/kevinschaffter/.rvm/gems/ruby-2.4.2@global/gems/activerecord-5.1.4/lib/active_record/migration.rb:1298:in `ddl_transaction'
/Users/kevinschaffter/.rvm/gems/ruby-2.4.2@global/gems/activerecord-5.1.4/lib/active_record/migration.rb:1229:in `execute_migration_in_transaction'
/Users/kevinschaffter/.rvm/gems/ruby-2.4.2@global/gems/activerecord-5.1.4/lib/active_record/migration.rb:1201:in `block in migrate_without_lock'
/Users/kevinschaffter/.rvm/gems/ruby-2.4.2@global/gems/activerecord-5.1.4/lib/active_record/migration.rb:1200:in `each'
/Users/kevinschaffter/.rvm/gems/ruby-2.4.2@global/gems/activerecord-5.1.4/lib/active_record/migration.rb:1200:in `migrate_without_lock'
/Users/kevinschaffter/.rvm/gems/ruby-2.4.2@global/gems/activerecord-5.1.4/lib/active_record/migration.rb:1148:in `block in migrate'
/Users/kevinschaffter/.rvm/gems/ruby-2.4.2@global/gems/activerecord-5.1.4/lib/active_record/migration.rb:1317:in `with_advisory_lock'
/Users/kevinschaffter/.rvm/gems/ruby-2.4.2@global/gems/activerecord-5.1.4/lib/active_record/migration.rb:1148:in `migrate'
/Users/kevinschaffter/.rvm/gems/ruby-2.4.2@global/gems/activerecord-5.1.4/lib/active_record/migration.rb:1007:in `up'
/Users/kevinschaffter/.rvm/gems/ruby-2.4.2@global/gems/activerecord-5.1.4/lib/active_record/migration.rb:985:in `migrate'
/Users/kevinschaffter/.rvm/gems/ruby-2.4.2@global/gems/activerecord-5.1.4/lib/active_record/tasks/database_tasks.rb:171:in `migrate'
/Users/kevinschaffter/.rvm/gems/ruby-2.4.2@global/gems/activerecord-5.1.4/lib/active_record/railties/databases.rake:58:in `block (2 levels) in <top (required)>'
/Users/kevinschaffter/.rvm/gems/ruby-2.4.2@global/gems/railties-5.1.4/lib/rails/commands/rake/rake_command.rb:21:in `block in perform'
/Users/kevinschaffter/.rvm/gems/ruby-2.4.2@global/gems/railties-5.1.4/lib/rails/commands/rake/rake_command.rb:18:in `perform'
/Users/kevinschaffter/.rvm/gems/ruby-2.4.2@global/gems/railties-5.1.4/lib/rails/command.rb:46:in `invoke'
/Users/kevinschaffter/.rvm/gems/ruby-2.4.2@global/gems/railties-5.1.4/lib/rails/commands.rb:16:in `<top (required)>'
/Users/kevinschaffter/Desktop/amaze/bin/rails:9:in `require'
/Users/kevinschaffter/Desktop/amaze/bin/rails:9:in `<top (required)>'
/Users/kevinschaffter/.rvm/gems/ruby-2.4.2/gems/spring-2.0.2/lib/spring/client/rails.rb:28:in `load'
/Users/kevinschaffter/.rvm/gems/ruby-2.4.2/gems/spring-2.0.2/lib/spring/client/rails.rb:28:in `call'
/Users/kevinschaffter/.rvm/gems/ruby-2.4.2/gems/spring-2.0.2/lib/spring/client/command.rb:7:in `call'
/Users/kevinschaffter/.rvm/gems/ruby-2.4.2/gems/spring-2.0.2/lib/spring/client.rb:30:in `run'
/Users/kevinschaffter/.rvm/gems/ruby-2.4.2/gems/spring-2.0.2/bin/spring:49:in `<top (required)>'
/Users/kevinschaffter/.rvm/gems/ruby-2.4.2/gems/spring-2.0.2/lib/spring/binstub.rb:31:in `load'
/Users/kevinschaffter/.rvm/gems/ruby-2.4.2/gems/spring-2.0.2/lib/spring/binstub.rb:31:in `<top (required)>'
/Users/kevinschaffter/Desktop/amaze/bin/spring:15:in `require'
/Users/kevinschaffter/Desktop/amaze/bin/spring:15:in `<top (required)>'
bin/rails:3:in `load'
bin/rails:3:in `<main>'

Caused by:
PG::UndefinedColumn: ERROR:  column "length_of_time" of relation "locations" does not exist
/Users/kevinschaffter/.rvm/gems/ruby-2.4.2@global/gems/activerecord-5.1.4/lib/active_record/connection_adapters/postgresql/database_statements.rb:73:in `async_exec'
/Users/kevinschaffter/.rvm/gems/ruby-2.4.2@global/gems/activerecord-5.1.4/lib/active_record/connection_adapters/postgresql/database_statements.rb:73:in `block (2 levels) in execute'
/Users/kevinschaffter/.rvm/gems/ruby-2.4.2/gems/activesupport-5.1.4/lib/active_support/dependencies/interlock.rb:46:in `block in permit_concurrent_loads'
/Users/kevinschaffter/.rvm/gems/ruby-2.4.2/gems/activesupport-5.1.4/lib/active_support/concurrency/share_lock.rb:185:in `yield_shares'
/Users/kevinschaffter/.rvm/gems/ruby-2.4.2/gems/activesupport-5.1.4/lib/active_support/dependencies/interlock.rb:45:in `permit_concurrent_loads'
/Users/kevinschaffter/.rvm/gems/ruby-2.4.2@global/gems/activerecord-5.1.4/lib/active_record/connection_adapters/postgresql/database_statements.rb:72:in `block in execute'
/Users/kevinschaffter/.rvm/gems/ruby-2.4.2@global/gems/activerecord-5.1.4/lib/active_record/connection_adapters/abstract_adapter.rb:612:in `block (2 levels) in log'
/Users/kevinschaffter/.rvm/gems/ruby-2.4.2@global/gems/activerecord-5.1.4/lib/active_record/connection_adapters/abstract_adapter.rb:611:in `block in log'
/Users/kevinschaffter/.rvm/gems/ruby-2.4.2/gems/activesupport-5.1.4/lib/active_support/notifications/instrumenter.rb:21:in `instrument'
/Users/kevinschaffter/.rvm/gems/ruby-2.4.2@global/gems/activerecord-5.1.4/lib/active_record/connection_adapters/abstract_adapter.rb:603:in `log'
/Users/kevinschaffter/.rvm/gems/ruby-2.4.2@global/gems/activerecord-5.1.4/lib/active_record/connection_adapters/postgresql/database_statements.rb:71:in `execute'
/Users/kevinschaffter/.rvm/gems/ruby-2.4.2@global/gems/activerecord-5.1.4/lib/active_record/connection_adapters/postgresql/schema_statements.rb:428:in `change_column'
/Users/kevinschaffter/.rvm/gems/ruby-2.4.2@global/gems/activerecord-5.1.4/lib/active_record/migration.rb:849:in `block in method_missing'
/Users/kevinschaffter/.rvm/gems/ruby-2.4.2@global/gems/activerecord-5.1.4/lib/active_record/migration.rb:818:in `block in say_with_time'
/Users/kevinschaffter/.rvm/gems/ruby-2.4.2@global/gems/activerecord-5.1.4/lib/active_record/migration.rb:818:in `say_with_time'
/Users/kevinschaffter/.rvm/gems/ruby-2.4.2@global/gems/activerecord-5.1.4/lib/active_record/migration.rb:838:in `method_missing'
/Users/kevinschaffter/Desktop/amaze/db/migrate/20171214190841_change_length_of_time_for_locations.rb:5:in `change'
/Users/kevinschaffter/.rvm/gems/ruby-2.4.2@global/gems/activerecord-5.1.4/lib/active_record/migration.rb:792:in `exec_migration'
/Users/kevinschaffter/.rvm/gems/ruby-2.4.2@global/gems/activerecord-5.1.4/lib/active_record/migration.rb:776:in `block (2 levels) in migrate'
/Users/kevinschaffter/.rvm/gems/ruby-2.4.2@global/gems/activerecord-5.1.4/lib/active_record/migration.rb:775:in `block in migrate'
/Users/kevinschaffter/.rvm/gems/ruby-2.4.2@global/gems/activerecord-5.1.4/lib/active_record/connection_adapters/abstract/connection_pool.rb:408:in `with_connection'
/Users/kevinschaffter/.rvm/gems/ruby-2.4.2@global/gems/activerecord-5.1.4/lib/active_record/migration.rb:774:in `migrate'
/Users/kevinschaffter/.rvm/gems/ruby-2.4.2@global/gems/activerecord-5.1.4/lib/active_record/migration.rb:953:in `migrate'
/Users/kevinschaffter/.rvm/gems/ruby-2.4.2@global/gems/activerecord-5.1.4/lib/active_record/migration.rb:1230:in `block in execute_migration_in_transaction'
/Users/kevinschaffter/.rvm/gems/ruby-2.4.2@global/gems/activerecord-5.1.4/lib/active_record/migration.rb:1298:in `block in ddl_transaction'
/Users/kevinschaffter/.rvm/gems/ruby-2.4.2@global/gems/activerecord-5.1.4/lib/active_record/connection_adapters/abstract/database_statements.rb:235:in `block in transaction'
/Users/kevinschaffter/.rvm/gems/ruby-2.4.2@global/gems/activerecord-5.1.4/lib/active_record/connection_adapters/abstract/transaction.rb:194:in `block in within_new_transaction'
/Users/kevinschaffter/.rvm/gems/ruby-2.4.2@global/gems/activerecord-5.1.4/lib/active_record/connection_adapters/abstract/transaction.rb:191:in `within_new_transaction'
/Users/kevinschaffter/.rvm/gems/ruby-2.4.2@global/gems/activerecord-5.1.4/lib/active_record/connection_adapters/abstract/database_statements.rb:235:in `transaction'
/Users/kevinschaffter/.rvm/gems/ruby-2.4.2@global/gems/activerecord-5.1.4/lib/active_record/transactions.rb:210:in `transaction'
/Users/kevinschaffter/.rvm/gems/ruby-2.4.2@global/gems/activerecord-5.1.4/lib/active_record/migration.rb:1298:in `ddl_transaction'
/Users/kevinschaffter/.rvm/gems/ruby-2.4.2@global/gems/activerecord-5.1.4/lib/active_record/migration.rb:1229:in `execute_migration_in_transaction'
/Users/kevinschaffter/.rvm/gems/ruby-2.4.2@global/gems/activerecord-5.1.4/lib/active_record/migration.rb:1201:in `block in migrate_without_lock'
/Users/kevinschaffter/.rvm/gems/ruby-2.4.2@global/gems/activerecord-5.1.4/lib/active_record/migration.rb:1200:in `each'
/Users/kevinschaffter/.rvm/gems/ruby-2.4.2@global/gems/activerecord-5.1.4/lib/active_record/migration.rb:1200:in `migrate_without_lock'
/Users/kevinschaffter/.rvm/gems/ruby-2.4.2@global/gems/activerecord-5.1.4/lib/active_record/migration.rb:1148:in `block in migrate'
/Users/kevinschaffter/.rvm/gems/ruby-2.4.2@global/gems/activerecord-5.1.4/lib/active_record/migration.rb:1317:in `with_advisory_lock'
/Users/kevinschaffter/.rvm/gems/ruby-2.4.2@global/gems/activerecord-5.1.4/lib/active_record/migration.rb:1148:in `migrate'
/Users/kevinschaffter/.rvm/gems/ruby-2.4.2@global/gems/activerecord-5.1.4/lib/active_record/migration.rb:1007:in `up'
/Users/kevinschaffter/.rvm/gems/ruby-2.4.2@global/gems/activerecord-5.1.4/lib/active_record/migration.rb:985:in `migrate'
/Users/kevinschaffter/.rvm/gems/ruby-2.4.2@global/gems/activerecord-5.1.4/lib/active_record/tasks/database_tasks.rb:171:in `migrate'
/Users/kevinschaffter/.rvm/gems/ruby-2.4.2@global/gems/activerecord-5.1.4/lib/active_record/railties/databases.rake:58:in `block (2 levels) in <top (required)>'
/Users/kevinschaffter/.rvm/gems/ruby-2.4.2@global/gems/railties-5.1.4/lib/rails/commands/rake/rake_command.rb:21:in `block in perform'
/Users/kevinschaffter/.rvm/gems/ruby-2.4.2@global/gems/railties-5.1.4/lib/rails/commands/rake/rake_command.rb:18:in `perform'
/Users/kevinschaffter/.rvm/gems/ruby-2.4.2@global/gems/railties-5.1.4/lib/rails/command.rb:46:in `invoke'
/Users/kevinschaffter/.rvm/gems/ruby-2.4.2@global/gems/railties-5.1.4/lib/rails/commands.rb:16:in `<top (required)>'
/Users/kevinschaffter/Desktop/amaze/bin/rails:9:in `require'
/Users/kevinschaffter/Desktop/amaze/bin/rails:9:in `<top (required)>'
/Users/kevinschaffter/.rvm/gems/ruby-2.4.2/gems/spring-2.0.2/lib/spring/client/rails.rb:28:in `load'
/Users/kevinschaffter/.rvm/gems/ruby-2.4.2/gems/spring-2.0.2/lib/spring/client/rails.rb:28:in `call'
/Users/kevinschaffter/.rvm/gems/ruby-2.4.2/gems/spring-2.0.2/lib/spring/client/command.rb:7:in `call'
/Users/kevinschaffter/.rvm/gems/ruby-2.4.2/gems/spring-2.0.2/lib/spring/client.rb:30:in `run'
/Users/kevinschaffter/.rvm/gems/ruby-2.4.2/gems/spring-2.0.2/bin/spring:49:in `<top (required)>'
/Users/kevinschaffter/.rvm/gems/ruby-2.4.2/gems/spring-2.0.2/lib/spring/binstub.rb:31:in `load'
/Users/kevinschaffter/.rvm/gems/ruby-2.4.2/gems/spring-2.0.2/lib/spring/binstub.rb:31:in `<top (required)>'
/Users/kevinschaffter/Desktop/amaze/bin/spring:15:in `require'
/Users/kevinschaffter/Desktop/amaze/bin/spring:15:in `<top (required)>'
bin/rails:3:in `load'
bin/rails:3:in `<main>'
Tasks: TOP => db:migrate
(See full trace by running task with --trace)
== 20171214190841 ChangeLengthOfTimeForLocations: migrating ===================
-- rename_column(:locations, :length_of_time, :photo)
   -> 0.0049s
-- change_column(:locations, :length_of_time, :string)
